<?xml version="1.0" encoding="UTF-8"?>
<testsuite xmlns:xsi="http://www.w3.org/2001/XMLSchema-instance" xsi:noNamespaceSchemaLocation="https://maven.apache.org/surefire/maven-surefire-plugin/xsd/surefire-test-report-3.0.xsd" version="3.0" name="com.pplab4_8.mobileCommunication.commands.EditTariffTest" time="0.101" tests="6" errors="0" skipped="0" failures="0">
  <properties>
[...]
</properties>
  <testcase name="testEditNonExistingTariff" classname="com.pplab4_8.mobileCommunication.commands.EditTariffTest" time="0.01">
    <system-out><![CDATA[[2024-12-09 20:54:02] [INFO] - Створено нову мобільну мережу з іменем за замовчуванням.
[2024-12-09 20:54:02] [INFO] - Створено сервіс мобільної мережі для мережі ''
[2024-12-09 20:54:02] [INFO] - Початок виконання команди 'Редагувати тариф'.
[2024-12-09 20:54:02] [INFO] - Користувач ввів назву тарифу для редагування: 'NonExistentTariff'
[2024-12-09 20:54:02] [WARN] - Тариф 'NonExistentTariff' не знайдено у мережі ''.
[2024-12-09 20:54:02] [WARN] - Тариф 'NonExistentTariff' не знайдено у мережі ''
[2024-12-09 20:54:02] [WARN] - Тариф з назвою 'NonExistentTariff' не знайдено.
[2024-12-09 20:54:02] [INFO] - Завершення виконання команди 'Редагувати тариф'.
]]></system-out>
  </testcase>
  <testcase name="testEditTariffSuccessForPrepaid" classname="com.pplab4_8.mobileCommunication.commands.EditTariffTest" time="0.021">
    <system-out><![CDATA[[2024-12-09 20:54:02] [INFO] - Створено нову мобільну мережу з іменем за замовчуванням.
[2024-12-09 20:54:02] [INFO] - Створено сервіс мобільної мережі для мережі ''
[2024-12-09 20:54:02] [INFO] - Створено новий тариф передплати: ім'я = 'Basic', місячна плата = 100.0, хвилини дзвінків = 200, гігабайти інтернету = 5.0
[2024-12-09 20:54:02] [INFO] - Додано новий тариф 'Basic' до мережі ''. Загальна кількість тарифів: 1.
[2024-12-09 20:54:02] [INFO] - Додано тариф 'Basic' до мережі ''
[2024-12-09 20:54:02] [INFO] - Початок виконання команди 'Редагувати тариф'.
[2024-12-09 20:54:02] [INFO] - Користувач ввів назву тарифу для редагування: 'Basic'
[2024-12-09 20:54:02] [INFO] - Знайдено тариф 'Basic' у мережі ''.
[2024-12-09 20:54:02] [INFO] - Знайдено тариф 'Basic' у мережі ''
[2024-12-09 20:54:02] [INFO] - Редагування тарифу: Тариф: Basic, Місячна плата: 100,00, Хвилини дзвінків: 200, Гігабайти інтернету: 5,00, Кількість клієнтів: 0
[2024-12-09 20:54:02] [INFO] - Встановлено нову назву тарифу: 'Premium'
[2024-12-09 20:54:02] [INFO] - Встановлено нову абонплату: 150.0
[2024-12-09 20:54:02] [INFO] - Встановлено нову кількість хвилин: 300
[2024-12-09 20:54:02] [INFO] - Встановлено нову кількість гігабайт: 10.0
[2024-12-09 20:54:02] [INFO] - Створено новий тариф передплати: ім'я = 'Premium', місячна плата = 150.0, хвилини дзвінків = 300, гігабайти інтернету = 10.0
[2024-12-09 20:54:02] [INFO] - Видалено тариф 'Basic' з мережі ''. Загальна кількість тарифів: 0.
[2024-12-09 20:54:02] [INFO] - Додано новий тариф 'Premium' до мережі ''. Загальна кількість тарифів: 1.
[2024-12-09 20:54:02] [INFO] - Оновлено тариф у мережі ''. Старий тариф: 'Basic', Новий тариф: 'Premium'
[2024-12-09 20:54:02] [INFO] - Тариф успішно оновлено: Тариф: Premium, Місячна плата: 150,00, Хвилини дзвінків: 300, Гігабайти інтернету: 10,00, Кількість клієнтів: 0
[2024-12-09 20:54:02] [INFO] - Завершення виконання команди 'Редагувати тариф'.
]]></system-out>
  </testcase>
  <testcase name="testEditTariffWithInvalidInput" classname="com.pplab4_8.mobileCommunication.commands.EditTariffTest" time="0.019">
    <system-out><![CDATA[[2024-12-09 20:54:02] [INFO] - Створено нову мобільну мережу з іменем за замовчуванням.
[2024-12-09 20:54:02] [INFO] - Створено сервіс мобільної мережі для мережі ''
[2024-12-09 20:54:02] [INFO] - Створено новий тариф передплати: ім'я = 'Basic', місячна плата = 100.0, хвилини дзвінків = 200, гігабайти інтернету = 5.0
[2024-12-09 20:54:02] [INFO] - Додано новий тариф 'Basic' до мережі ''. Загальна кількість тарифів: 1.
[2024-12-09 20:54:02] [INFO] - Додано тариф 'Basic' до мережі ''
[2024-12-09 20:54:02] [INFO] - Початок виконання команди 'Редагувати тариф'.
[2024-12-09 20:54:02] [INFO] - Користувач ввів назву тарифу для редагування: 'Basic'
[2024-12-09 20:54:02] [INFO] - Знайдено тариф 'Basic' у мережі ''.
[2024-12-09 20:54:02] [INFO] - Знайдено тариф 'Basic' у мережі ''
[2024-12-09 20:54:02] [INFO] - Редагування тарифу: Тариф: Basic, Місячна плата: 100,00, Хвилини дзвінків: 200, Гігабайти інтернету: 5,00, Кількість клієнтів: 0
[2024-12-09 20:54:02] [INFO] - Встановлено нову назву тарифу: 'Basic'
[2024-12-09 20:54:02] [WARN] - Помилка перетворення 'invalid', очікувалося дійсне число.
[2024-12-09 20:54:02] [INFO] - Встановлено нову абонплату: 100.0
[2024-12-09 20:54:02] [WARN] - Помилка перетворення 'invalid', очікувалося ціле число.
[2024-12-09 20:54:02] [INFO] - Встановлено нову кількість хвилин: 200
[2024-12-09 20:54:02] [WARN] - Користувач не ввів дійсне число.
[2024-12-09 20:54:02] [INFO] - Встановлено нову кількість гігабайт: 5.0
[2024-12-09 20:54:02] [INFO] - Створено новий тариф передплати: ім'я = 'Basic', місячна плата = 100.0, хвилини дзвінків = 200, гігабайти інтернету = 5.0
[2024-12-09 20:54:02] [INFO] - Видалено тариф 'Basic' з мережі ''. Загальна кількість тарифів: 0.
[2024-12-09 20:54:02] [INFO] - Додано новий тариф 'Basic' до мережі ''. Загальна кількість тарифів: 1.
[2024-12-09 20:54:02] [INFO] - Оновлено тариф у мережі ''. Старий тариф: 'Basic', Новий тариф: 'Basic'
[2024-12-09 20:54:02] [INFO] - Тариф успішно оновлено: Тариф: Basic, Місячна плата: 100,00, Хвилини дзвінків: 200, Гігабайти інтернету: 5,00, Кількість клієнтів: 0
[2024-12-09 20:54:02] [INFO] - Завершення виконання команди 'Редагувати тариф'.
]]></system-out>
  </testcase>
  <testcase name="testEditTariffWithEmptyFields" classname="com.pplab4_8.mobileCommunication.commands.EditTariffTest" time="0.015">
    <system-out><![CDATA[[2024-12-09 20:54:02] [INFO] - Створено нову мобільну мережу з іменем за замовчуванням.
[2024-12-09 20:54:02] [INFO] - Створено сервіс мобільної мережі для мережі ''
[2024-12-09 20:54:02] [INFO] - Створено новий тариф передплати: ім'я = 'Basic', місячна плата = 100.0, хвилини дзвінків = 200, гігабайти інтернету = 5.0
[2024-12-09 20:54:02] [INFO] - Додано новий тариф 'Basic' до мережі ''. Загальна кількість тарифів: 1.
[2024-12-09 20:54:02] [INFO] - Додано тариф 'Basic' до мережі ''
[2024-12-09 20:54:02] [INFO] - Початок виконання команди 'Редагувати тариф'.
[2024-12-09 20:54:02] [INFO] - Користувач ввів назву тарифу для редагування: 'Basic'
[2024-12-09 20:54:02] [INFO] - Знайдено тариф 'Basic' у мережі ''.
[2024-12-09 20:54:02] [INFO] - Знайдено тариф 'Basic' у мережі ''
[2024-12-09 20:54:02] [INFO] - Редагування тарифу: Тариф: Basic, Місячна плата: 100,00, Хвилини дзвінків: 200, Гігабайти інтернету: 5,00, Кількість клієнтів: 0
[2024-12-09 20:54:02] [INFO] - Встановлено нову назву тарифу: 'Basic'
[2024-12-09 20:54:02] [INFO] - Встановлено нову абонплату: 100.0
[2024-12-09 20:54:02] [INFO] - Встановлено нову кількість хвилин: 200
[2024-12-09 20:54:02] [INFO] - Встановлено нову кількість гігабайт: 5.0
[2024-12-09 20:54:02] [INFO] - Створено новий тариф передплати: ім'я = 'Basic', місячна плата = 100.0, хвилини дзвінків = 200, гігабайти інтернету = 5.0
[2024-12-09 20:54:02] [INFO] - Видалено тариф 'Basic' з мережі ''. Загальна кількість тарифів: 0.
[2024-12-09 20:54:02] [INFO] - Додано новий тариф 'Basic' до мережі ''. Загальна кількість тарифів: 1.
[2024-12-09 20:54:02] [INFO] - Оновлено тариф у мережі ''. Старий тариф: 'Basic', Новий тариф: 'Basic'
[2024-12-09 20:54:02] [INFO] - Тариф успішно оновлено: Тариф: Basic, Місячна плата: 100,00, Хвилини дзвінків: 200, Гігабайти інтернету: 5,00, Кількість клієнтів: 0
[2024-12-09 20:54:02] [INFO] - Завершення виконання команди 'Редагувати тариф'.
]]></system-out>
  </testcase>
  <testcase name="testEditTariffSuccessForContract" classname="com.pplab4_8.mobileCommunication.commands.EditTariffTest" time="0.018">
    <system-out><![CDATA[[2024-12-09 20:54:02] [INFO] - Створено нову мобільну мережу з іменем за замовчуванням.
[2024-12-09 20:54:02] [INFO] - Створено сервіс мобільної мережі для мережі ''
[2024-12-09 20:54:02] [INFO] - Створено новий тариф передплати: ім'я = 'Contract Basic', місячна плата = 200.0, хвилини дзвінків = 400, гігабайти інтернету = 15.0
[2024-12-09 20:54:02] [INFO] - Створено новий контрактний тариф: ім'я = 'Contract Basic', місячна плата = 200.0, хвилини дзвінків = 400, гігабайти інтернету = 15.0, додаткові послуги = 'Basic Services'
[2024-12-09 20:54:02] [INFO] - Додано новий тариф 'Contract Basic' до мережі ''. Загальна кількість тарифів: 1.
[2024-12-09 20:54:02] [INFO] - Додано тариф 'Contract Basic' до мережі ''
[2024-12-09 20:54:02] [INFO] - Початок виконання команди 'Редагувати тариф'.
[2024-12-09 20:54:02] [INFO] - Користувач ввів назву тарифу для редагування: 'Contract Basic'
[2024-12-09 20:54:02] [INFO] - Знайдено тариф 'Contract Basic' у мережі ''.
[2024-12-09 20:54:02] [INFO] - Знайдено тариф 'Contract Basic' у мережі ''
[2024-12-09 20:54:02] [INFO] - Редагування тарифу: Тариф: Contract Basic, Місячна плата: 200,00, Хвилини дзвінків: 400, Гігабайти інтернету: 15,00, Кількість клієнтів: 0, Додаткові послуги: Basic Services
[2024-12-09 20:54:02] [INFO] - Встановлено нову назву тарифу: 'Contract Premium'
[2024-12-09 20:54:02] [INFO] - Встановлено нову абонплату: 250.0
[2024-12-09 20:54:02] [INFO] - Встановлено нову кількість хвилин: 500
[2024-12-09 20:54:02] [INFO] - Встановлено нову кількість гігабайт: 20.0
[2024-12-09 20:54:02] [INFO] - Створено новий тариф передплати: ім'я = 'Contract Premium', місячна плата = 250.0, хвилини дзвінків = 500, гігабайти інтернету = 20.0
[2024-12-09 20:54:02] [INFO] - Створено новий контрактний тариф: ім'я = 'Contract Premium', місячна плата = 250.0, хвилини дзвінків = 500, гігабайти інтернету = 20.0, додаткові послуги = 'Premium Services'
[2024-12-09 20:54:02] [INFO] - Встановлено нові додаткові послуги: Premium Services
[2024-12-09 20:54:02] [INFO] - Видалено тариф 'Contract Basic' з мережі ''. Загальна кількість тарифів: 0.
[2024-12-09 20:54:02] [INFO] - Додано новий тариф 'Contract Premium' до мережі ''. Загальна кількість тарифів: 1.
[2024-12-09 20:54:02] [INFO] - Оновлено тариф у мережі ''. Старий тариф: 'Contract Basic', Новий тариф: 'Contract Premium'
[2024-12-09 20:54:02] [INFO] - Тариф успішно оновлено: Тариф: Contract Premium, Місячна плата: 250,00, Хвилини дзвінків: 500, Гігабайти інтернету: 20,00, Кількість клієнтів: 0, Додаткові послуги: Premium Services
[2024-12-09 20:54:02] [INFO] - Завершення виконання команди 'Редагувати тариф'.
]]></system-out>
  </testcase>
  <testcase name="testGetName" classname="com.pplab4_8.mobileCommunication.commands.EditTariffTest" time="0.005">
    <system-out><![CDATA[[2024-12-09 20:54:02] [INFO] - Створено нову мобільну мережу з іменем за замовчуванням.
[2024-12-09 20:54:02] [INFO] - Створено сервіс мобільної мережі для мережі ''
[2024-12-09 20:54:02] [INFO] - Створено нову мобільну мережу з іменем за замовчуванням.
[2024-12-09 20:54:02] [INFO] - Створено сервіс мобільної мережі для мережі ''
]]></system-out>
  </testcase>
</testsuite>