<?xml version="1.0" encoding="UTF-8"?>
<testsuite xmlns:xsi="http://www.w3.org/2001/XMLSchema-instance" xsi:noNamespaceSchemaLocation="https://maven.apache.org/surefire/maven-surefire-plugin/xsd/surefire-test-report-3.0.xsd" version="3.0" name="com.pplab4_8.mobileCommunication.menu.LoginMenuTest" time="0.062" tests="10" errors="0" skipped="0" failures="0">
  <properties>
[...]
</properties>
  <testcase name="testHandleSubscriber" classname="com.pplab4_8.mobileCommunication.menu.LoginMenuTest" time="0.005">
    <system-out><![CDATA[[2024-12-09 20:54:08] [INFO] - Створено мобільну мережу 'TestNetwork1', кількість тарифів: 0
[2024-12-09 20:54:08] [INFO] - Створено сервіс мобільної мережі для мережі 'TestNetwork1'
[2024-12-09 20:54:08] [INFO] - Створено мобільну мережу 'TestNetwork2', кількість тарифів: 0
[2024-12-09 20:54:08] [INFO] - Створено сервіс мобільної мережі для мережі 'TestNetwork2'
[2024-12-09 20:54:08] [INFO] - Створено нового абонента: ім'я = 'Subscriber1', вік = 18
[2024-12-09 20:54:08] [INFO] - Створено нового абонента: ім'я = 'Subscriber2', вік = 25
[2024-12-09 20:54:08] [INFO] - LoginMenu ініціалізовано з 2 операторами та 2 абонентами.
[2024-12-09 20:54:08] [INFO] - Обробка абонента: 'Subscriber1'.
[2024-12-09 20:54:08] [INFO] - Абонент 'Subscriber1' завершив роботу.
]]></system-out>
  </testcase>
  <testcase name="testChooseRole_operatorSelected" classname="com.pplab4_8.mobileCommunication.menu.LoginMenuTest" time="0.005">
    <system-out><![CDATA[[2024-12-09 20:54:08] [INFO] - Створено мобільну мережу 'TestNetwork1', кількість тарифів: 0
[2024-12-09 20:54:08] [INFO] - Створено сервіс мобільної мережі для мережі 'TestNetwork1'
[2024-12-09 20:54:08] [INFO] - Створено мобільну мережу 'TestNetwork2', кількість тарифів: 0
[2024-12-09 20:54:08] [INFO] - Створено сервіс мобільної мережі для мережі 'TestNetwork2'
[2024-12-09 20:54:08] [INFO] - Створено нового абонента: ім'я = 'Subscriber1', вік = 18
[2024-12-09 20:54:08] [INFO] - Створено нового абонента: ім'я = 'Subscriber2', вік = 25
[2024-12-09 20:54:08] [INFO] - LoginMenu ініціалізовано з 2 операторами та 2 абонентами.
]]></system-out>
  </testcase>
  <testcase name="testChooseRole_subscriberSelected" classname="com.pplab4_8.mobileCommunication.menu.LoginMenuTest" time="0.003">
    <system-out><![CDATA[[2024-12-09 20:54:08] [INFO] - Створено мобільну мережу 'TestNetwork1', кількість тарифів: 0
[2024-12-09 20:54:08] [INFO] - Створено сервіс мобільної мережі для мережі 'TestNetwork1'
[2024-12-09 20:54:08] [INFO] - Створено мобільну мережу 'TestNetwork2', кількість тарифів: 0
[2024-12-09 20:54:08] [INFO] - Створено сервіс мобільної мережі для мережі 'TestNetwork2'
[2024-12-09 20:54:08] [INFO] - Створено нового абонента: ім'я = 'Subscriber1', вік = 18
[2024-12-09 20:54:08] [INFO] - Створено нового абонента: ім'я = 'Subscriber2', вік = 25
[2024-12-09 20:54:08] [INFO] - LoginMenu ініціалізовано з 2 операторами та 2 абонентами.
]]></system-out>
  </testcase>
  <testcase name="testHandleService" classname="com.pplab4_8.mobileCommunication.menu.LoginMenuTest" time="0.006">
    <system-out><![CDATA[[2024-12-09 20:54:08] [INFO] - Створено мобільну мережу 'TestNetwork1', кількість тарифів: 0
[2024-12-09 20:54:08] [INFO] - Створено сервіс мобільної мережі для мережі 'TestNetwork1'
[2024-12-09 20:54:08] [INFO] - Створено мобільну мережу 'TestNetwork2', кількість тарифів: 0
[2024-12-09 20:54:08] [INFO] - Створено сервіс мобільної мережі для мережі 'TestNetwork2'
[2024-12-09 20:54:08] [INFO] - Створено нового абонента: ім'я = 'Subscriber1', вік = 18
[2024-12-09 20:54:08] [INFO] - Створено нового абонента: ім'я = 'Subscriber2', вік = 25
[2024-12-09 20:54:08] [INFO] - LoginMenu ініціалізовано з 2 операторами та 2 абонентами.
[2024-12-09 20:54:08] [INFO] - Обробка мобільного оператора: 'TestNetwork1'.
[2024-12-09 20:54:08] [INFO] - Ініціалізовано команду 'Додати тариф' для мережі 'TestNetwork1'
[2024-12-09 20:54:08] [INFO] - MainMenu ініціалізовано для ролі: 'Мобільний оператор'. Доступно 4 команд.
[2024-12-09 20:54:08] [INFO] - Виконання MainMenu для ролі 'Мобільний оператор' розпочато.
[2024-12-09 20:54:08] [INFO] - Відображено меню для ролі 'Мобільний оператор'.
[2024-12-09 20:54:08] [INFO] - Користувач вибрав вихід з меню.
[2024-12-09 20:54:08] [INFO] - Виконання MainMenu для ролі 'Мобільний оператор' завершено.
[2024-12-09 20:54:08] [INFO] - Робота з мобільним оператором завершена: 'TestNetwork1'.
]]></system-out>
  </testcase>
  <testcase name="testLoginSubscriber_successfulLogin" classname="com.pplab4_8.mobileCommunication.menu.LoginMenuTest" time="0.003">
    <system-out><![CDATA[[2024-12-09 20:54:08] [INFO] - Створено мобільну мережу 'TestNetwork1', кількість тарифів: 0
[2024-12-09 20:54:08] [INFO] - Створено сервіс мобільної мережі для мережі 'TestNetwork1'
[2024-12-09 20:54:08] [INFO] - Створено мобільну мережу 'TestNetwork2', кількість тарифів: 0
[2024-12-09 20:54:08] [INFO] - Створено сервіс мобільної мережі для мережі 'TestNetwork2'
[2024-12-09 20:54:08] [INFO] - Створено нового абонента: ім'я = 'Subscriber1', вік = 18
[2024-12-09 20:54:08] [INFO] - Створено нового абонента: ім'я = 'Subscriber2', вік = 25
[2024-12-09 20:54:08] [INFO] - LoginMenu ініціалізовано з 2 операторами та 2 абонентами.
]]></system-out>
  </testcase>
  <testcase name="testLoginService_successfulLogin" classname="com.pplab4_8.mobileCommunication.menu.LoginMenuTest" time="0.003">
    <system-out><![CDATA[[2024-12-09 20:54:08] [INFO] - Створено мобільну мережу 'TestNetwork1', кількість тарифів: 0
[2024-12-09 20:54:08] [INFO] - Створено сервіс мобільної мережі для мережі 'TestNetwork1'
[2024-12-09 20:54:08] [INFO] - Створено мобільну мережу 'TestNetwork2', кількість тарифів: 0
[2024-12-09 20:54:08] [INFO] - Створено сервіс мобільної мережі для мережі 'TestNetwork2'
[2024-12-09 20:54:08] [INFO] - Створено нового абонента: ім'я = 'Subscriber1', вік = 18
[2024-12-09 20:54:08] [INFO] - Створено нового абонента: ім'я = 'Subscriber2', вік = 25
[2024-12-09 20:54:08] [INFO] - LoginMenu ініціалізовано з 2 операторами та 2 абонентами.
]]></system-out>
  </testcase>
  <testcase name="testLoginSubscriber_unsuccessfulLogin" classname="com.pplab4_8.mobileCommunication.menu.LoginMenuTest" time="0.005">
    <system-out><![CDATA[[2024-12-09 20:54:08] [INFO] - Створено мобільну мережу 'TestNetwork1', кількість тарифів: 0
[2024-12-09 20:54:08] [INFO] - Створено сервіс мобільної мережі для мережі 'TestNetwork1'
[2024-12-09 20:54:08] [INFO] - Створено мобільну мережу 'TestNetwork2', кількість тарифів: 0
[2024-12-09 20:54:08] [INFO] - Створено сервіс мобільної мережі для мережі 'TestNetwork2'
[2024-12-09 20:54:08] [INFO] - Створено нового абонента: ім'я = 'Subscriber1', вік = 18
[2024-12-09 20:54:08] [INFO] - Створено нового абонента: ім'я = 'Subscriber2', вік = 25
[2024-12-09 20:54:08] [INFO] - LoginMenu ініціалізовано з 2 операторами та 2 абонентами.
[2024-12-09 20:54:08] [WARN] - Невдалий вхід абонента: 'subscriber1'. Невірні облікові дані.
]]></system-out>
  </testcase>
  <testcase name="testExecute_operatorLogin" classname="com.pplab4_8.mobileCommunication.menu.LoginMenuTest" time="0.008">
    <system-out><![CDATA[[2024-12-09 20:54:08] [INFO] - Створено мобільну мережу 'TestNetwork1', кількість тарифів: 0
[2024-12-09 20:54:08] [INFO] - Створено сервіс мобільної мережі для мережі 'TestNetwork1'
[2024-12-09 20:54:08] [INFO] - Створено мобільну мережу 'TestNetwork2', кількість тарифів: 0
[2024-12-09 20:54:08] [INFO] - Створено сервіс мобільної мережі для мережі 'TestNetwork2'
[2024-12-09 20:54:08] [INFO] - Створено нового абонента: ім'я = 'Subscriber1', вік = 18
[2024-12-09 20:54:08] [INFO] - Створено нового абонента: ім'я = 'Subscriber2', вік = 25
[2024-12-09 20:54:08] [INFO] - LoginMenu ініціалізовано з 2 операторами та 2 абонентами.
[2024-12-09 20:54:08] [INFO] - Виконання LoginMenu розпочато.
[2024-12-09 20:54:08] [INFO] - Користувач обрав роль: мобільний оператор.
[2024-12-09 20:54:08] [INFO] - Вхід мобільного оператора 'TestNetwork1' успішний.
[2024-12-09 20:54:08] [INFO] - Обробка мобільного оператора: 'TestNetwork1'.
[2024-12-09 20:54:08] [INFO] - Ініціалізовано команду 'Додати тариф' для мережі 'TestNetwork1'
[2024-12-09 20:54:08] [INFO] - MainMenu ініціалізовано для ролі: 'Мобільний оператор'. Доступно 4 команд.
[2024-12-09 20:54:08] [INFO] - Виконання MainMenu для ролі 'Мобільний оператор' розпочато.
[2024-12-09 20:54:08] [INFO] - Відображено меню для ролі 'Мобільний оператор'.
[2024-12-09 20:54:08] [INFO] - Користувач вибрав вихід з меню.
[2024-12-09 20:54:08] [INFO] - Виконання MainMenu для ролі 'Мобільний оператор' завершено.
[2024-12-09 20:54:08] [INFO] - Робота з мобільним оператором завершена: 'TestNetwork1'.
[2024-12-09 20:54:08] [INFO] - Виконання LoginMenu завершено.
]]></system-out>
  </testcase>
  <testcase name="testExecute_subscriberLogin" classname="com.pplab4_8.mobileCommunication.menu.LoginMenuTest" time="0.005">
    <system-out><![CDATA[[2024-12-09 20:54:08] [INFO] - Створено мобільну мережу 'TestNetwork1', кількість тарифів: 0
[2024-12-09 20:54:08] [INFO] - Створено сервіс мобільної мережі для мережі 'TestNetwork1'
[2024-12-09 20:54:08] [INFO] - Створено мобільну мережу 'TestNetwork2', кількість тарифів: 0
[2024-12-09 20:54:08] [INFO] - Створено сервіс мобільної мережі для мережі 'TestNetwork2'
[2024-12-09 20:54:08] [INFO] - Створено нового абонента: ім'я = 'Subscriber1', вік = 18
[2024-12-09 20:54:08] [INFO] - Створено нового абонента: ім'я = 'Subscriber2', вік = 25
[2024-12-09 20:54:08] [INFO] - LoginMenu ініціалізовано з 2 операторами та 2 абонентами.
[2024-12-09 20:54:08] [INFO] - Виконання LoginMenu розпочато.
[2024-12-09 20:54:08] [INFO] - Користувач обрав роль: абонент.
[2024-12-09 20:54:08] [INFO] - Вхід абонента 'Subscriber1' успішний.
[2024-12-09 20:54:08] [INFO] - Обробка абонента: 'Subscriber1'.
[2024-12-09 20:54:08] [INFO] - Абонент 'Subscriber1' завершив роботу.
[2024-12-09 20:54:08] [INFO] - Виконання LoginMenu завершено.
]]></system-out>
  </testcase>
  <testcase name="testLoginService_unsuccessfulLogin" classname="com.pplab4_8.mobileCommunication.menu.LoginMenuTest" time="0.003">
    <system-out><![CDATA[[2024-12-09 20:54:08] [INFO] - Створено мобільну мережу 'TestNetwork1', кількість тарифів: 0
[2024-12-09 20:54:08] [INFO] - Створено сервіс мобільної мережі для мережі 'TestNetwork1'
[2024-12-09 20:54:08] [INFO] - Створено мобільну мережу 'TestNetwork2', кількість тарифів: 0
[2024-12-09 20:54:08] [INFO] - Створено сервіс мобільної мережі для мережі 'TestNetwork2'
[2024-12-09 20:54:08] [INFO] - Створено нового абонента: ім'я = 'Subscriber1', вік = 18
[2024-12-09 20:54:08] [INFO] - Створено нового абонента: ім'я = 'Subscriber2', вік = 25
[2024-12-09 20:54:08] [INFO] - LoginMenu ініціалізовано з 2 операторами та 2 абонентами.
[2024-12-09 20:54:08] [WARN] - Невдалий вхід мобільного оператора: 'operator1'. Невірні облікові дані.
]]></system-out>
  </testcase>
</testsuite>