<?xml version="1.0" encoding="UTF-8"?>
<testsuite xmlns:xsi="http://www.w3.org/2001/XMLSchema-instance" xsi:noNamespaceSchemaLocation="https://maven.apache.org/surefire/maven-surefire-plugin/xsd/surefire-test-report-3.0.xsd" version="3.0" name="com.pplab4_8.mobileCommunication.tariffs.TariffContractTest" time="0.01" tests="4" errors="0" skipped="0" failures="0">
  <properties>
[...]
</properties>
  <testcase name="testGettersAndSetters" classname="com.pplab4_8.mobileCommunication.tariffs.TariffContractTest" time="0.002"/>
  <testcase name="testToString" classname="com.pplab4_8.mobileCommunication.tariffs.TariffContractTest" time="0.001"/>
  <testcase name="testAddSubscriber" classname="com.pplab4_8.mobileCommunication.tariffs.TariffContractTest" time="0.002"/>
  <testcase name="testSubSubscriber" classname="com.pplab4_8.mobileCommunication.tariffs.TariffContractTest" time="0.001"/>
</testsuite>