<?xml version="1.0" encoding="UTF-8"?>
<testsuite xmlns:xsi="http://www.w3.org/2001/XMLSchema-instance" xsi:noNamespaceSchemaLocation="https://maven.apache.org/surefire/maven-surefire-plugin/xsd/surefire-test-report-3.0.xsd" version="3.0" name="com.pplab4_8.mobileCommunication.commands.ViewPersonalTariffTest" time="0.018" tests="3" errors="0" skipped="0" failures="0">
  <properties>
[...]
</properties>
  <testcase name="testGetName" classname="com.pplab4_8.mobileCommunication.commands.ViewPersonalTariffTest" time="0.003">
    <system-out><![CDATA[[2024-12-09 20:54:08] [INFO] - Створено нового абонента: ім'я = 'John Doe', вік = 18
]]></system-out>
  </testcase>
  <testcase name="testViewPersonalTariffWhenTariffExists" classname="com.pplab4_8.mobileCommunication.commands.ViewPersonalTariffTest" time="0.005">
    <system-out><![CDATA[[2024-12-09 20:54:08] [INFO] - Створено нового абонента: ім'я = 'John Doe', вік = 18
[2024-12-09 20:54:08] [INFO] - Створено новий тариф передплати: ім'я = 'Standard', місячна плата = 100.0, хвилини дзвінків = 300, гігабайти інтернету = 20.0
[2024-12-09 20:54:08] [INFO] - Режим тихого режиму для абонента 'John Doe' змінено на 'true'
[2024-12-09 20:54:08] [INFO] - До тарифу 'Standard' додано нового абонента. Поточна кількість абонентів: 1
[2024-12-09 20:54:08] [INFO] - Абонент 'John Doe' змінив тариф на 'Standard'
[2024-12-09 20:54:08] [INFO] - Початок виконання команди 'Переглянути особистий тариф' для абонента: John Doe
[2024-12-09 20:54:08] [INFO] - Абонент 'John Doe' переглянув свій тариф: 'Standard'
[2024-12-09 20:54:08] [INFO] - Завершення виконання команди 'Переглянути особистий тариф' для абонента: John Doe
]]></system-out>
  </testcase>
  <testcase name="testViewPersonalTariffWhenNoTariffExists" classname="com.pplab4_8.mobileCommunication.commands.ViewPersonalTariffTest" time="0.003">
    <system-out><![CDATA[[2024-12-09 20:54:08] [INFO] - Створено нового абонента: ім'я = 'John Doe', вік = 18
[2024-12-09 20:54:08] [INFO] - Початок виконання команди 'Переглянути особистий тариф' для абонента: John Doe
[2024-12-09 20:54:08] [INFO] - Абонент 'John Doe' переглянув тариф: тариф не встановлено.
[2024-12-09 20:54:08] [INFO] - Завершення виконання команди 'Переглянути особистий тариф' для абонента: John Doe
]]></system-out>
  </testcase>
</testsuite>